<?xml version="1.0" encoding="UTF-8"?>
<!-- Generated by org.testng.reporters.JUnitReportReporter -->
<testsuite hostname="Yathish-PC" failures="0" tests="1" name="Test1.Orange" time="12.032" errors="0" timestamp="01 Nov 2018 06:28:18 GMT" skipped="0">
  <testcase classname="Test1.Orange" name="testOrange" time="12.032"/>
</testsuite> <!-- Test1.Orange -->
