<?xml version="1.0" encoding="UTF-8"?>
<!-- Generated by org.testng.reporters.JUnitReportReporter -->
<testsuite hostname="Yathish-PC" failures="0" tests="2" name="utils.IgnoreTests" time="0.050" errors="0" timestamp="31 Oct 2018 10:06:11 GMT" skipped="1">
  <testcase classname="utils.IgnoreTests" name="test" time="0.050"/>
  <testcase classname="utils.IgnoreTests" name="test1">
    <skipped/>
  </testcase> <!-- test1 -->
</testsuite> <!-- utils.IgnoreTests -->
