<?xml version="1.0" encoding="UTF-8"?>
<!-- Generated by org.testng.reporters.JUnitReportReporter -->
<testsuite hostname="Yathish-PC" failures="0" tests="1" name="utils.TestNGParameters" time="0.027" errors="0" timestamp="30 Oct 2018 11:20:41 GMT" skipped="0">
  <testcase classname="utils.TestNGParameters" name="test" time="0.027"/>
</testsuite> <!-- utils.TestNGParameters -->
