<?xml version="1.0" encoding="UTF-8"?>
<!-- Generated by org.testng.reporters.JUnitReportReporter -->
<testsuite hostname="Yathish-PC" failures="0" tests="2" name="Test.TestNGRetryFailed" time="0.022" errors="0" timestamp="31 Oct 2018 11:34:54 GMT" skipped="0">
  <testcase classname="Test.TestNGRetryFailed" name="test3" time="0.018"/>
  <testcase classname="Test.TestNGRetryFailed" name="test2" time="0.004"/>
</testsuite> <!-- Test.TestNGRetryFailed -->
