<?xml version="1.0" encoding="UTF-8"?>
<!-- Generated by org.testng.reporters.JUnitReportReporter -->
<testsuite hostname="Yathish-PC" failures="0" tests="2" name="utils.TestNGGroups" time="0.026" errors="0" timestamp="30 Oct 2018 10:02:46 GMT" skipped="0">
  <testcase classname="utils.TestNGGroups" name="test3" time="0.003"/>
  <testcase classname="utils.TestNGGroups" name="test2" time="0.023"/>
</testsuite> <!-- utils.TestNGGroups -->
