<?xml version="1.0" encoding="UTF-8"?>
<!-- Generated by org.testng.reporters.JUnitReportReporter -->
<testsuite hostname="Yathish-PC" failures="0" tests="1" name="Test.TestNGDemo" time="13.185" errors="0" timestamp="18 Oct 2018 11:06:33 GMT" skipped="0">
  <testcase classname="Test.TestNGDemo" name="googleSearch" time="13.185"/>
</testsuite> <!-- Test.TestNGDemo -->
